This is pdfTeX, Version 3.1415926-2.5-1.40.14 (TeX Live 2013/Debian) (format=pdflatex 2014.7.15)  28 AUG 2014 16:55
entering extended mode
 restricted \write18 enabled.
 %&-line parsing enabled.
**portada.tex
(./portada.tex
LaTeX2e <2011/06/27>
Babel <3.9h> and hyphenation patterns for 2 languages loaded.

! LaTeX Error: Environment figure undefined.

See the LaTeX manual or LaTeX Companion for explanation.
Type  H <return>  for immediate help.
 ...                                              
                                                  
l.3 \begin{figure}
                  [H]
Your command was ignored.
Type  I <command> <return>  to replace it with another command,
or  <return>  to continue without it.


! LaTeX Error: Missing \begin{document}.

See the LaTeX manual or LaTeX Companion for explanation.
Type  H <return>  for immediate help.
 ...                                              
                                                  
l.3 \begin{figure}[
                   H]
You're in trouble here.  Try typing  <return>  to proceed.
If that doesn't work, type  X <return>  to quit.

Missing character: There is no [ in font nullfont!
Missing character: There is no H in font nullfont!
Missing character: There is no ] in font nullfont!
! Undefined control sequence.
l.4 		\includegraphics
                      [scale=0.3]{./1-Portada/img/uma}
The control sequence at the end of the top line
of your error message was never \def'ed. If you have
misspelled it (e.g., `\hobx'), type `I' and the correct
spelling (e.g., `I\hbox'). Otherwise just continue,
and I'll forget about whatever was undefined.

Missing character: There is no [ in font nullfont!
Missing character: There is no s in font nullfont!
Missing character: There is no c in font nullfont!
Missing character: There is no a in font nullfont!
Missing character: There is no l in font nullfont!
Missing character: There is no e in font nullfont!
Missing character: There is no = in font nullfont!
Missing character: There is no 0 in font nullfont!
Missing character: There is no . in font nullfont!
Missing character: There is no 3 in font nullfont!
Missing character: There is no ] in font nullfont!
Missing character: There is no . in font nullfont!
Missing character: There is no / in font nullfont!
Missing character: There is no 1 in font nullfont!
Missing character: There is no - in font nullfont!
Missing character: There is no P in font nullfont!
Missing character: There is no o in font nullfont!
Missing character: There is no r in font nullfont!
Missing character: There is no t in font nullfont!
Missing character: There is no a in font nullfont!
Missing character: There is no d in font nullfont!
Missing character: There is no a in font nullfont!
Missing character: There is no / in font nullfont!
Missing character: There is no i in font nullfont!
Missing character: There is no m in font nullfont!
Missing character: There is no g in font nullfont!
Missing character: There is no / in font nullfont!
Missing character: There is no u in font nullfont!
Missing character: There is no m in font nullfont!
Missing character: There is no a in font nullfont!
! Undefined control sequence.
l.6 		\includegraphics
                      [scale= 0.3]{./1-Portada/img/etsii}
The control sequence at the end of the top line
of your error message was never \def'ed. If you have
misspelled it (e.g., `\hobx'), type `I' and the correct
spelling (e.g., `I\hbox'). Otherwise just continue,
and I'll forget about whatever was undefined.

Missing character: There is no [ in font nullfont!
Missing character: There is no s in font nullfont!
Missing character: There is no c in font nullfont!
Missing character: There is no a in font nullfont!
Missing character: There is no l in font nullfont!
Missing character: There is no e in font nullfont!
Missing character: There is no = in font nullfont!
Missing character: There is no 0 in font nullfont!
Missing character: There is no . in font nullfont!
Missing character: There is no 3 in font nullfont!
Missing character: There is no ] in font nullfont!
Missing character: There is no . in font nullfont!
Missing character: There is no / in font nullfont!
Missing character: There is no 1 in font nullfont!
Missing character: There is no - in font nullfont!
Missing character: There is no P in font nullfont!
Missing character: There is no o in font nullfont!
Missing character: There is no r in font nullfont!
Missing character: There is no t in font nullfont!
Missing character: There is no a in font nullfont!
Missing character: There is no d in font nullfont!
Missing character: There is no a in font nullfont!
Missing character: There is no / in font nullfont!
Missing character: There is no i in font nullfont!
Missing character: There is no m in font nullfont!
Missing character: There is no g in font nullfont!
Missing character: There is no / in font nullfont!
Missing character: There is no e in font nullfont!
Missing character: There is no t in font nullfont!
Missing character: There is no s in font nullfont!
Missing character: There is no i in font nullfont!
Missing character: There is no i in font nullfont!

! LaTeX Error: \begin{document} ended by \end{figure}.

See the LaTeX manual or LaTeX Companion for explanation.
Type  H <return>  for immediate help.
 ...                                              
                                                  
l.7 \end{figure}
                
Your command was ignored.
Type  I <command> <return>  to replace it with another command,
or  <return>  to continue without it.


Overfull \hbox (20.0pt too wide) in paragraph at lines 3--9
[]
 []


! LaTeX Error: Environment large undefined.

See the LaTeX manual or LaTeX Companion for explanation.
Type  H <return>  for immediate help.
 ...                                              
                                                  
l.10 	\begin{large}
                   
Your command was ignored.
Type  I <command> <return>  to replace it with another command,
or  <return>  to continue without it.

Missing character: There is no √ in font cmbx10!
Missing character: There is no â in font cmbx10!
Missing character: There is no √ in font cmbx10!
Missing character: There is no ç in font cmbx10!

Overfull \hbox (54.26358pt too wide) in paragraph at lines 11--11
 \OT1/cmr/bx/n/10 ESCUELA 
 []


Overfull \hbox (20.13878pt too wide) in paragraph at lines 11--11
 \OT1/cmr/bx/n/10 TC- 
 []


Overfull \hbox (30.36095pt too wide) in paragraph at lines 11--11
 \OT1/cmr/bx/n/10 NICA 
 []


Overfull \hbox (19.06934pt too wide) in paragraph at lines 11--11
 \OT1/cmr/bx/n/10 SU- 
 []


Overfull \hbox (19.2499pt too wide) in paragraph at lines 11--11
 \OT1/cmr/bx/n/10 PE- 
 []


Overfull \hbox (30.24983pt too wide) in paragraph at lines 11--11
 \OT1/cmr/bx/n/10 RIOR 
 []


Overfull \hbox (16.37491pt too wide) in paragraph at lines 11--11
 \OT1/cmr/bx/n/10 DE 
 []


Overfull \hbox (17.19435pt too wide) in paragraph at lines 11--11
 \OT1/cmr/bx/n/10 IN- 
 []


Overfull \hbox (20.43044pt too wide) in paragraph at lines 11--11
 \OT1/cmr/bx/n/10 GE- 
 []


Overfull \hbox (38.2359pt too wide) in paragraph at lines 11--11
 \OT1/cmr/bx/n/10 NIERA 
 []


Overfull \hbox (17.19435pt too wide) in paragraph at lines 11--11
 \OT1/cmr/bx/n/10 IN- 
 []


Overfull \hbox (27.88873pt too wide) in paragraph at lines 11--11
 \OT1/cmr/bx/n/10 DUS- 
 []


Overfull \hbox (36.59702pt too wide) in paragraph at lines 11--11
 \OT1/cmr/bx/n/10 TRIAL 
 []


! LaTeX Error: \begin{center} on input line 9 ended by \end{large}.

See the LaTeX manual or LaTeX Companion for explanation.
Type  H <return>  for immediate help.
 ...                                              
                                                  
l.12 	\end{large}
                 
Your command was ignored.
Type  I <command> <return>  to replace it with another command,
or  <return>  to continue without it.


! LaTeX Error: Environment large undefined.

See the LaTeX manual or LaTeX Companion for explanation.
Type  H <return>  for immediate help.
 ...                                              
                                                  
l.14 	\begin{large}
                   
Your command was ignored.
Type  I <command> <return>  to replace it with another command,
or  <return>  to continue without it.


Overfull \hbox (99.48557pt too wide) in paragraph at lines 15--15
 []\OT1/cmr/bx/n/10 DEPARTAMENTO 
 []

Missing character: There is no √ in font cmbx10!
Missing character: There is no ≠ in font cmbx10!
Missing character: There is no √ in font cmbx10!
Missing character: There is no ° in font cmbx10!

Overfull \hbox (11.65967pt too wide) in paragraph at lines 15--15
 []\OT1/cmr/bx/n/10 de 
 []


Overfull \hbox (14.58325pt too wide) in paragraph at lines 15--15
 \OT1/cmr/bx/n/10 In- 
 []


Overfull \hbox (14.8541pt too wide) in paragraph at lines 15--15
 \OT1/cmr/bx/n/10 ge- 
 []


Overfull \hbox (25.18042pt too wide) in paragraph at lines 15--15
 \OT1/cmr/bx/n/10 niera 
 []


Overfull \hbox (11.65967pt too wide) in paragraph at lines 15--15
 \OT1/cmr/bx/n/10 de 
 []


Overfull \hbox (17.95267pt too wide) in paragraph at lines 15--15
 \OT1/cmr/bx/n/10 Sis- 
 []


Overfull \hbox (29.45259pt too wide) in paragraph at lines 15--15
 \OT1/cmr/bx/n/10 temas 
 []


Overfull \hbox (8.6944pt too wide) in paragraph at lines 15--15
 \OT1/cmr/bx/n/10 Y 
 []


Overfull \hbox (18.91656pt too wide) in paragraph at lines 15--15
 \OT1/cmr/bx/n/10 Au- 
 []


Overfull \hbox (37.85394pt too wide) in paragraph at lines 15--15
 \OT1/cmr/bx/n/10 tomtica 
 []


! LaTeX Error: \begin{center} on input line 9 ended by \end{large}.

See the LaTeX manual or LaTeX Companion for explanation.
Type  H <return>  for immediate help.
 ...                                              
                                                  
l.16 	\end{large}
                 
Your command was ignored.
Type  I <command> <return>  to replace it with another command,
or  <return>  to continue without it.


! LaTeX Error: Environment large undefined.

See the LaTeX manual or LaTeX Companion for explanation.
Type  H <return>  for immediate help.
 ...                                              
                                                  
l.18 	\begin{large}
                   
Your command was ignored.
Type  I <command> <return>  to replace it with another command,
or  <return>  to continue without it.

Missing character: There is no √ in font cmbx10!
Missing character: There is no Å in font cmbx10!

Overfull \hbox (24.87486pt too wide) in paragraph at lines 19--19
 []\OT1/cmr/bx/n/10 REA 
 []

Missing character: There is no √ in font cmbx10!
Missing character: There is no ≠ in font cmbx10!
Missing character: There is no √ in font cmbx10!
Missing character: There is no ° in font cmbx10!

Overfull \hbox (46.95114pt too wide) in paragraph at lines 19--19
 []\OT1/cmr/bx/n/10 Ingeniera 
 []


Overfull \hbox (14.09021pt too wide) in paragraph at lines 19--19
 \OT1/cmr/bx/n/10 De 
 []


Overfull \hbox (17.95267pt too wide) in paragraph at lines 19--19
 \OT1/cmr/bx/n/10 Sis- 
 []


Overfull \hbox (29.45259pt too wide) in paragraph at lines 19--19
 \OT1/cmr/bx/n/10 temas 
 []


Overfull \hbox (6.06941pt too wide) in paragraph at lines 19--19
 \OT1/cmr/bx/n/10 y 
 []


Overfull \hbox (18.91656pt too wide) in paragraph at lines 19--19
 \OT1/cmr/bx/n/10 Au- 
 []


Overfull \hbox (37.85394pt too wide) in paragraph at lines 19--19
 \OT1/cmr/bx/n/10 tomtica 
 []


! LaTeX Error: \begin{center} on input line 9 ended by \end{large}.

See the LaTeX manual or LaTeX Companion for explanation.
Type  H <return>  for immediate help.
 ...                                              
                                                  
l.20 	\end{large}
                 
Your command was ignored.
Type  I <command> <return>  to replace it with another command,
or  <return>  to continue without it.


! LaTeX Error: Environment LARGE undefined.

See the LaTeX manual or LaTeX Companion for explanation.
Type  H <return>  for immediate help.
 ...                                              
                                                  
l.22 	\begin{LARGE}
                   
Your command was ignored.
Type  I <command> <return>  to replace it with another command,
or  <return>  to continue without it.

Missing character: There is no √ in font cmbx10!
Missing character: There is no ì in font cmbx10!

Overfull \hbox (57.80524pt too wide) in paragraph at lines 23--23
 []\OT1/cmr/bx/n/10 CONTROL 
 []


Overfull \hbox (16.55547pt too wide) in paragraph at lines 23--23
 \OT1/cmr/bx/n/10 EN 
 []


Overfull \hbox (48.9164pt too wide) in paragraph at lines 23--23
 \OT1/cmr/bx/n/10 POSICIN 
 []


Overfull \hbox (16.37491pt too wide) in paragraph at lines 23--23
 \OT1/cmr/bx/n/10 DE 
 []


Overfull \hbox (17.84712pt too wide) in paragraph at lines 23--23
 \OT1/cmr/bx/n/10 UN 
 []


Overfull \hbox (21.05544pt too wide) in paragraph at lines 23--23
 \OT1/cmr/bx/n/10 EJE 
 []


Overfull \hbox (23.29153pt too wide) in paragraph at lines 23--23
 \OT1/cmr/bx/n/10 DEL 
 []


Overfull \hbox (41.76366pt too wide) in paragraph at lines 23--23
 \OT1/cmr/bx/n/10 ROBOT 
 []


Overfull \hbox (60.61078pt too wide) in paragraph at lines 23--23
 \OT1/cmr/bx/n/10 SCORBOT- 
 []


Overfull \hbox (16.18047pt too wide) in paragraph at lines 23--23
 \OT1/cmr/bx/n/10 ER 
 []


Overfull \hbox (21.91655pt too wide) in paragraph at lines 23--23
 \OT1/cmr/bx/n/10 4PC 
 []


! LaTeX Error: \begin{center} on input line 9 ended by \end{LARGE}.

See the LaTeX manual or LaTeX Companion for explanation.
Type  H <return>  for immediate help.
 ...                                              
                                                  
l.24 	\end{LARGE}
                 
Your command was ignored.
Type  I <command> <return>  to replace it with another command,
or  <return>  to continue without it.


! LaTeX Error: Environment large undefined.

See the LaTeX manual or LaTeX Companion for explanation.
Type  H <return>  for immediate help.
 ...                                              
                                                  
l.26 	\begin{large}
                   
Your command was ignored.
Type  I <command> <return>  to replace it with another command,
or  <return>  to continue without it.


Overfull \hbox (33.23595pt too wide) in paragraph at lines 28--28
 []\OT1/cmr/bx/n/10 Autor: 
 []


Overfull \hbox (17.77768pt too wide) in paragraph at lines 28--28
 \OT1/cmr/bx/n/10 En- 
 []


Overfull \hbox (25.6596pt too wide) in paragraph at lines 28--28
 \OT1/cmr/bx/n/10 rique 
 []


Overfull \hbox (27.59013pt too wide) in paragraph at lines 28--28
 \OT1/cmr/bx/n/10 Arra- 
 []


Overfull \hbox (15.17351pt too wide) in paragraph at lines 28--28
 \OT1/cmr/bx/n/10 bal 
 []


Overfull \hbox (15.72214pt too wide) in paragraph at lines 28--28
 \OT1/cmr/bx/n/10 Al- 
 []


Overfull \hbox (19.00682pt too wide) in paragraph at lines 28--28
 \OT1/cmr/bx/n/10 ma- 
 []


Overfull \hbox (16.23604pt too wide) in paragraph at lines 28--28
 \OT1/cmr/bx/n/10 gro 
 []

Missing character: There is no √ in font cmbx10!
Missing character: There is no ≠ in font cmbx10!
Missing character: There is no √ in font cmbx10!
Missing character: There is no ≥ in font cmbx10!

Overfull \hbox (74.04826pt too wide) in paragraph at lines 28--28
 []\OT1/cmr/bx/n/10 Director:Vctor 
 []


Overfull \hbox (21.36101pt too wide) in paragraph at lines 28--28
 \OT1/cmr/bx/n/10 Tor- 
 []


Overfull \hbox (14.54298pt too wide) in paragraph at lines 28--28
 \OT1/cmr/bx/n/10 res 
 []


Overfull \hbox (24.00682pt too wide) in paragraph at lines 28--28
 \OT1/cmr/bx/n/10 Lpez 
 []

Missing character: There is no √ in font cmbx10!
Missing character: There is no ≥ in font cmbx10!
Missing character: There is no √ in font cmbx10!
Missing character: There is no ≠ in font cmbx10!
Missing character: There is no √ in font cmbx10!
Missing character: There is no ≠ in font cmbx10!

! LaTeX Error: \begin{center} on input line 9 ended by \end{large}.

See the LaTeX manual or LaTeX Companion for explanation.
Type  H <return>  for immediate help.
 ...                                              
                                                  
l.31 	\end{large}
                 
Your command was ignored.
Type  I <command> <return>  to replace it with another command,
or  <return>  to continue without it.


Overfull \hbox (48.72888pt too wide) in paragraph at lines 30--33
 []\OT1/cmr/bx/n/10 Titulacin: 
 []


Overfull \hbox (29.5901pt too wide) in paragraph at lines 30--33
 \OT1/cmr/bx/n/10 Grad- 
 []


Overfull \hbox (10.22217pt too wide) in paragraph at lines 30--33
 \OT1/cmr/bx/n/10 u- 
 []


Overfull \hbox (17.72905pt too wide) in paragraph at lines 30--33
 \OT1/cmr/bx/n/10 ado 
 []


Overfull \hbox (11.65967pt too wide) in paragraph at lines 30--33
 \OT1/cmr/bx/n/10 en 
 []


Overfull \hbox (13.4166pt too wide) in paragraph at lines 30--33
 \OT1/cmr/bx/n/10 in- 
 []


Overfull \hbox (14.8541pt too wide) in paragraph at lines 30--33
 \OT1/cmr/bx/n/10 ge- 
 []


Overfull \hbox (25.18042pt too wide) in paragraph at lines 30--33
 \OT1/cmr/bx/n/10 niera 
 []


Overfull \hbox (11.65967pt too wide) in paragraph at lines 30--33
 \OT1/cmr/bx/n/10 en 
 []


Overfull \hbox (21.25684pt too wide) in paragraph at lines 30--33
 \OT1/cmr/bx/n/10 Tec- 
 []


Overfull \hbox (24.91653pt too wide) in paragraph at lines 30--33
 \OT1/cmr/bx/n/10 nolo- 
 []


Overfull \hbox (15.87627pt too wide) in paragraph at lines 30--33
 \OT1/cmr/bx/n/10 gas 
 []


Overfull \hbox (14.58325pt too wide) in paragraph at lines 30--33
 \OT1/cmr/bx/n/10 In- 
 []


Overfull \hbox (21.1471pt too wide) in paragraph at lines 30--33
 \OT1/cmr/bx/n/10 dus- 
 []


Overfull \hbox (16.23604pt too wide) in paragraph at lines 30--33
 \OT1/cmr/bx/n/10 tri- 
 []


Overfull \hbox (18.59154pt too wide) in paragraph at lines 30--33
 \OT1/cmr/bx/n/10 ales 
 []

! Undefined control sequence.
l.34 \bf
        {M√ÅLAGA, septiembre de 2015}
The control sequence at the end of the top line
of your error message was never \def'ed. If you have
misspelled it (e.g., `\hobx'), type `I' and the correct
spelling (e.g., `I\hbox'). Otherwise just continue,
and I'll forget about whatever was undefined.

Missing character: There is no M in font nullfont!
Missing character: There is no √ in font nullfont!
Missing character: There is no Å in font nullfont!
Missing character: There is no L in font nullfont!
Missing character: There is no A in font nullfont!
Missing character: There is no G in font nullfont!
Missing character: There is no A in font nullfont!
Missing character: There is no , in font nullfont!
Missing character: There is no s in font nullfont!
Missing character: There is no e in font nullfont!
Missing character: There is no p in font nullfont!
Missing character: There is no t in font nullfont!
Missing character: There is no i in font nullfont!
Missing character: There is no e in font nullfont!
Missing character: There is no m in font nullfont!
Missing character: There is no b in font nullfont!
Missing character: There is no r in font nullfont!
Missing character: There is no e in font nullfont!
Missing character: There is no d in font nullfont!
Missing character: There is no e in font nullfont!
Missing character: There is no 2 in font nullfont!
Missing character: There is no 0 in font nullfont!
Missing character: There is no 1 in font nullfont!
Missing character: There is no 5 in font nullfont!
)
! Emergency stop.
<*> portada.tex
               
*** (job aborted, no legal \end found)

 
Here is how much of TeX's memory you used:
 14 strings out of 495028
 199 string characters out of 6181497
 47944 words of memory out of 5000000
 3323 multiletter control sequences out of 15000+600000
 3948 words of font info for 15 fonts, out of 8000000 for 9000
 14 hyphenation exceptions out of 8191
 13i,1n,10p,106b,121s stack positions out of 5000i,500n,10000p,200000b,80000s
!  ==> Fatal error occurred, no output PDF file produced!
